<?xml version="1.0" encoding="UTF-8"?>
<!-- Generated by org.testng.reporters.JUnitXMLReporter -->
<testsuite hostname="LAPTOP-474KM3EH" ignored="0" name="test lao" tests="10" failures="0" timestamp="25 Nov 2021 08:41:38 GMT" time="0.067" errors="0">
  <testcase name="tenth" time="0.012" classname="org.lao.testng.DependencyManagement"/>
  <testcase name="highSchool" time="0.002" classname="org.lao.testng.DependencyManagement"/>
  <testcase name="college" time="0.001" classname="org.lao.testng.DependencyManagement"/>
  <testcase name="companytrainees" time="0.001" classname="org.lao.testng.DependencyManagement"/>
  <testcase name="managers" time="0.001" classname="org.lao.testng.DependencyManagement"/>
  <testcase name="firstGear" time="0.002" classname="org.lao.testng.Driver_Car"/>
  <testcase name="secondGear" time="0.001" classname="org.lao.testng.Driver_Car"/>
  <testcase name="thirdGear" time="0.001" classname="org.lao.testng.Driver_Car"/>
  <testcase name="fouthGear" time="0.001" classname="org.lao.testng.Driver_Car"/>
  <testcase name="playmusic" time="0.001" classname="org.lao.testng.Driver_Car"/>
</testsuite> <!-- test lao -->
