<?xml version="1.0" encoding="UTF-8"?>
<!-- Generated by org.testng.reporters.JUnitXMLReporter -->
<testsuite hostname="LAPTOP-474KM3EH" ignored="0" name="Test" tests="6" failures="0" timestamp="29 Nov 2021 18:03:28 GMT" time="17.356" errors="0">
  <testcase name="launch_Browser" time="2.198" classname="com.testng.TestNG_Adactin"/>
  <testcase name="adactin_Signin" time="1.175" classname="com.testng.TestNG_Adactin"/>
  <testcase name="hotel_Booking" time="3.571" classname="com.testng.TestNG_Adactin"/>
  <testcase name="registration_Process" time="1.821" classname="com.testng.TestNG_Adactin"/>
  <testcase name="itener_Logout" time="8.382" classname="com.testng.TestNG_Adactin"/>
  <testcase name="log4j" time="0.113" classname="com.testng.TestNG_Adactin"/>
</testsuite> <!-- Test -->
